0 silly argv { _: [ 'publish' ],
0 silly argv   progress: true,
0 silly argv   sort: true,
0 silly argv   ci: false,
0 silly argv   canary: true,
0 silly argv   c: true,
0 silly argv   loglevel: 'info',
0 silly argv   lernaVersion: '3.0.0-rc.0',
0 silly argv   '$0': 'lerna' }
1 info version 3.0.0-rc.0
2 verbose rootPath /home/austin/projects/dat-tools
3 info canary enabled
4 info current version 0.0.0
5 silly hasTags
6 verbose hasTags false
7 info Looking for changed packages since initial commit.
8 verbose updated @zigy/dat-menubar
9 verbose updated @zigy/dat-socket
10 silly batched [ PackageGraphNode {
10 silly batched     name: '@zigy/dat-socket',
10 silly batched     externalDependencies:
10 silly batched      Map {
10 silly batched        'hyperdiscovery' => [Object],
10 silly batched        'hyperdrive' => [Object],
10 silly batched        'mississippi' => [Object],
10 silly batched        'random-access-memory' => [Object],
10 silly batched        'stoppable' => [Object],
10 silly batched        'to-buffer' => [Object],
10 silly batched        'websocket-stream' => [Object] },
10 silly batched     localDependencies: Map {},
10 silly batched     localDependents: Map { '@zigy/dat-menubar' => [Object] } } ]
11 silly batched [ PackageGraphNode {
11 silly batched     name: '@zigy/dat-menubar',
11 silly batched     externalDependencies:
11 silly batched      Map {
11 silly batched        'choo' => [Object],
11 silly batched        'choo-devtools' => [Object],
11 silly batched        'dat-colors' => [Object],
11 silly batched        'electron-rpc' => [Object],
11 silly batched        'es2040' => [Object],
11 silly batched        'hyperscript' => [Object],
11 silly batched        'menubar' => [Object],
11 silly batched        'server-destroy' => [Object],
11 silly batched        'tachyons' => [Object] },
11 silly batched     localDependencies: Map {},
11 silly batched     localDependents: Map {} } ]
12 silly getShortSHA
13 error Error: Command failed: git rev-parse --short HEAD
13 error fatal: Needed a single revision
13 error
13 error
13 error     at makeError (/home/austin/.nvm/versions/node/v8.11.1/lib/node_modules/lerna/node_modules/execa/index.js:172:9)
13 error     at Function.module.exports.sync (/home/austin/.nvm/versions/node/v8.11.1/lib/node_modules/lerna/node_modules/execa/index.js:341:15)
13 error     at Object.execSync (/home/austin/.nvm/versions/node/v8.11.1/lib/node_modules/lerna/node_modules/@lerna/child-process/index.js:22:16)
13 error     at getShortSHA (/home/austin/.nvm/versions/node/v8.11.1/lib/node_modules/lerna/node_modules/@lerna/publish/lib/get-short-sha.js:11:28)
13 error     at PublishCommand.getVersionsForUpdates (/home/austin/.nvm/versions/node/v8.11.1/lib/node_modules/lerna/node_modules/@lerna/publish/index.js:326:25)
13 error     at tasks (/home/austin/.nvm/versions/node/v8.11.1/lib/node_modules/lerna/node_modules/@lerna/publish/index.js:155:18)
13 error     at pReduce (/home/austin/.nvm/versions/node/v8.11.1/lib/node_modules/lerna/node_modules/p-waterfall/index.js:4:73)
13 error     at Promise.all.then.value (/home/austin/.nvm/versions/node/v8.11.1/lib/node_modules/lerna/node_modules/p-reduce/index.js:16:10)
